[INFO ] 2021-12-27 16:28:49,091 [main] Logback logging API implementation is configured.
[INFO ] 2021-12-27 16:28:49,701 [main] FrameworkServlet 'openrdf-http-server': initialization completed in 977 ms
[INFO ] 2021-12-27 16:31:45,689 [repositories/kiln] Client sent bad request (404): Unknown repository: kiln
[INFO ] 2021-12-27 16:31:49,486 [repositories/kiln] Client sent bad request (404): Unknown repository: kiln
[INFO ] 2021-12-27 16:34:32,689 [repositories/kiln] Client sent bad request (404): Unknown repository: kiln
[INFO ] 2021-12-27 16:47:36,256 [Thread-1] Closing org.springframework.web.context.support.XmlWebApplicationContext@6b7961a1: display name [WebApplicationContext for namespace 'openrdf-http-server-servlet']; startup date [Mon Dec 27 16:28:48 GET 2021]; root of context hierarchy
[INFO ] 2021-12-27 16:47:36,263 [Thread-1] Destroying singletons in org.springframework.beans.factory.support.DefaultListableBeanFactory@21a9a01d: defining beans [messageSource,adunaAppVersion,adunaAppConfig,adunaWebappNavigation,adunaWebappCommonValuesInserter,adunaWebappMessageInserter,adunaWebappNavigationInserter,filenameViewController,viewResolver,adunaWebappSystemUrlMapping,adunaWebappSystemOverviewController,adunaWebappLoggingOverviewController,adunaWebappSystemInfoController,openrdfRepositoryManager,scopedTarget.openrdfRepositoryInterceptor,openrdfRepositoryInterceptor,openrdfProtocolUrlMapping,openrdfRepositoryListUrlMapping,openrdfRepositoryUrlMapping,openrdfServerHomeUrlMapping,openrdfHandlerExceptionResolver,openrdfProtocolController,openrdfRepositoryListController,openrdfRepositoryController,openrdfRepositoryContextsController,openrdfRepositoryNamespacesController,openrdfRepositoryNamespaceController,openrdfRepositorySizeController,openrdfRepositoryStatementsController,openrdfRepositoryGraphController]; root of factory hierarchy
[INFO ] 2021-12-27 16:47:53,252 [main] Logback logging API implementation is configured.
[INFO ] 2021-12-27 16:47:53,643 [main] FrameworkServlet 'openrdf-http-server': initialization completed in 937 ms
[INFO ] 2021-12-27 16:53:07,000 [repositories/kiln] Client sent bad request (404): Unknown repository: kiln
[INFO ] 2021-12-27 16:56:38,658 [repositories/kiln] Client sent bad request (404): Unknown repository: kiln
[INFO ] 2021-12-27 17:08:14,915 [Thread-1] Closing org.springframework.web.context.support.XmlWebApplicationContext@6b7961a1: display name [WebApplicationContext for namespace 'openrdf-http-server-servlet']; startup date [Mon Dec 27 16:47:52 GET 2021]; root of context hierarchy
[INFO ] 2021-12-27 17:08:14,922 [Thread-1] Destroying singletons in org.springframework.beans.factory.support.DefaultListableBeanFactory@21a9a01d: defining beans [messageSource,adunaAppVersion,adunaAppConfig,adunaWebappNavigation,adunaWebappCommonValuesInserter,adunaWebappMessageInserter,adunaWebappNavigationInserter,filenameViewController,viewResolver,adunaWebappSystemUrlMapping,adunaWebappSystemOverviewController,adunaWebappLoggingOverviewController,adunaWebappSystemInfoController,openrdfRepositoryManager,scopedTarget.openrdfRepositoryInterceptor,openrdfRepositoryInterceptor,openrdfProtocolUrlMapping,openrdfRepositoryListUrlMapping,openrdfRepositoryUrlMapping,openrdfServerHomeUrlMapping,openrdfHandlerExceptionResolver,openrdfProtocolController,openrdfRepositoryListController,openrdfRepositoryController,openrdfRepositoryContextsController,openrdfRepositoryNamespacesController,openrdfRepositoryNamespaceController,openrdfRepositorySizeController,openrdfRepositoryStatementsController,openrdfRepositoryGraphController]; root of factory hierarchy
[INFO ] 2021-12-27 17:08:28,383 [main] Logback logging API implementation is configured.
[INFO ] 2021-12-27 17:08:28,939 [main] FrameworkServlet 'openrdf-http-server': initialization completed in 1025 ms
[INFO ] 2021-12-27 17:30:43,649 [Thread-1] Closing org.springframework.web.context.support.XmlWebApplicationContext@6b7961a1: display name [WebApplicationContext for namespace 'openrdf-http-server-servlet']; startup date [Mon Dec 27 17:08:27 GET 2021]; root of context hierarchy
[INFO ] 2021-12-27 17:30:43,657 [Thread-1] Destroying singletons in org.springframework.beans.factory.support.DefaultListableBeanFactory@21a9a01d: defining beans [messageSource,adunaAppVersion,adunaAppConfig,adunaWebappNavigation,adunaWebappCommonValuesInserter,adunaWebappMessageInserter,adunaWebappNavigationInserter,filenameViewController,viewResolver,adunaWebappSystemUrlMapping,adunaWebappSystemOverviewController,adunaWebappLoggingOverviewController,adunaWebappSystemInfoController,openrdfRepositoryManager,scopedTarget.openrdfRepositoryInterceptor,openrdfRepositoryInterceptor,openrdfProtocolUrlMapping,openrdfRepositoryListUrlMapping,openrdfRepositoryUrlMapping,openrdfServerHomeUrlMapping,openrdfHandlerExceptionResolver,openrdfProtocolController,openrdfRepositoryListController,openrdfRepositoryController,openrdfRepositoryContextsController,openrdfRepositoryNamespacesController,openrdfRepositoryNamespaceController,openrdfRepositorySizeController,openrdfRepositoryStatementsController,openrdfRepositoryGraphController]; root of factory hierarchy
[INFO ] 2021-12-27 17:30:56,020 [main] Logback logging API implementation is configured.
[INFO ] 2021-12-27 17:30:56,469 [main] FrameworkServlet 'openrdf-http-server': initialization completed in 795 ms
[INFO ] 2021-12-27 17:35:30,120 [Thread-1] Closing org.springframework.web.context.support.XmlWebApplicationContext@6b7961a1: display name [WebApplicationContext for namespace 'openrdf-http-server-servlet']; startup date [Mon Dec 27 17:30:55 GET 2021]; root of context hierarchy
[INFO ] 2021-12-27 17:35:30,129 [Thread-1] Destroying singletons in org.springframework.beans.factory.support.DefaultListableBeanFactory@21a9a01d: defining beans [messageSource,adunaAppVersion,adunaAppConfig,adunaWebappNavigation,adunaWebappCommonValuesInserter,adunaWebappMessageInserter,adunaWebappNavigationInserter,filenameViewController,viewResolver,adunaWebappSystemUrlMapping,adunaWebappSystemOverviewController,adunaWebappLoggingOverviewController,adunaWebappSystemInfoController,openrdfRepositoryManager,scopedTarget.openrdfRepositoryInterceptor,openrdfRepositoryInterceptor,openrdfProtocolUrlMapping,openrdfRepositoryListUrlMapping,openrdfRepositoryUrlMapping,openrdfServerHomeUrlMapping,openrdfHandlerExceptionResolver,openrdfProtocolController,openrdfRepositoryListController,openrdfRepositoryController,openrdfRepositoryContextsController,openrdfRepositoryNamespacesController,openrdfRepositoryNamespaceController,openrdfRepositorySizeController,openrdfRepositoryStatementsController,openrdfRepositoryGraphController]; root of factory hierarchy
[INFO ] 2021-12-27 17:35:42,050 [main] Logback logging API implementation is configured.
[INFO ] 2021-12-27 17:35:42,434 [main] FrameworkServlet 'openrdf-http-server': initialization completed in 731 ms
[INFO ] 2021-12-27 17:38:04,287 [Thread-1] Closing org.springframework.web.context.support.XmlWebApplicationContext@6b7961a1: display name [WebApplicationContext for namespace 'openrdf-http-server-servlet']; startup date [Mon Dec 27 17:35:41 GET 2021]; root of context hierarchy
[INFO ] 2021-12-27 17:38:04,287 [Thread-1] Destroying singletons in org.springframework.beans.factory.support.DefaultListableBeanFactory@21a9a01d: defining beans [messageSource,adunaAppVersion,adunaAppConfig,adunaWebappNavigation,adunaWebappCommonValuesInserter,adunaWebappMessageInserter,adunaWebappNavigationInserter,filenameViewController,viewResolver,adunaWebappSystemUrlMapping,adunaWebappSystemOverviewController,adunaWebappLoggingOverviewController,adunaWebappSystemInfoController,openrdfRepositoryManager,scopedTarget.openrdfRepositoryInterceptor,openrdfRepositoryInterceptor,openrdfProtocolUrlMapping,openrdfRepositoryListUrlMapping,openrdfRepositoryUrlMapping,openrdfServerHomeUrlMapping,openrdfHandlerExceptionResolver,openrdfProtocolController,openrdfRepositoryListController,openrdfRepositoryController,openrdfRepositoryContextsController,openrdfRepositoryNamespacesController,openrdfRepositoryNamespaceController,openrdfRepositorySizeController,openrdfRepositoryStatementsController,openrdfRepositoryGraphController]; root of factory hierarchy
[INFO ] 2021-12-27 17:38:15,941 [main] Logback logging API implementation is configured.
[INFO ] 2021-12-27 17:38:16,209 [main] FrameworkServlet 'openrdf-http-server': initialization completed in 668 ms
[INFO ] 2021-12-27 17:38:59,807 [Thread-1] Closing org.springframework.web.context.support.XmlWebApplicationContext@6b7961a1: display name [WebApplicationContext for namespace 'openrdf-http-server-servlet']; startup date [Mon Dec 27 17:38:15 GET 2021]; root of context hierarchy
[INFO ] 2021-12-27 17:38:59,808 [Thread-1] Destroying singletons in org.springframework.beans.factory.support.DefaultListableBeanFactory@21a9a01d: defining beans [messageSource,adunaAppVersion,adunaAppConfig,adunaWebappNavigation,adunaWebappCommonValuesInserter,adunaWebappMessageInserter,adunaWebappNavigationInserter,filenameViewController,viewResolver,adunaWebappSystemUrlMapping,adunaWebappSystemOverviewController,adunaWebappLoggingOverviewController,adunaWebappSystemInfoController,openrdfRepositoryManager,scopedTarget.openrdfRepositoryInterceptor,openrdfRepositoryInterceptor,openrdfProtocolUrlMapping,openrdfRepositoryListUrlMapping,openrdfRepositoryUrlMapping,openrdfServerHomeUrlMapping,openrdfHandlerExceptionResolver,openrdfProtocolController,openrdfRepositoryListController,openrdfRepositoryController,openrdfRepositoryContextsController,openrdfRepositoryNamespacesController,openrdfRepositoryNamespaceController,openrdfRepositorySizeController,openrdfRepositoryStatementsController,openrdfRepositoryGraphController]; root of factory hierarchy
[INFO ] 2021-12-27 17:39:13,072 [main] Logback logging API implementation is configured.
[INFO ] 2021-12-27 17:39:13,399 [main] FrameworkServlet 'openrdf-http-server': initialization completed in 705 ms
[INFO ] 2021-12-27 20:57:07,789 [Thread-1] Closing org.springframework.web.context.support.XmlWebApplicationContext@6b7961a1: display name [WebApplicationContext for namespace 'openrdf-http-server-servlet']; startup date [Mon Dec 27 17:39:12 GET 2021]; root of context hierarchy
[INFO ] 2021-12-27 20:57:07,793 [Thread-1] Destroying singletons in org.springframework.beans.factory.support.DefaultListableBeanFactory@21a9a01d: defining beans [messageSource,adunaAppVersion,adunaAppConfig,adunaWebappNavigation,adunaWebappCommonValuesInserter,adunaWebappMessageInserter,adunaWebappNavigationInserter,filenameViewController,viewResolver,adunaWebappSystemUrlMapping,adunaWebappSystemOverviewController,adunaWebappLoggingOverviewController,adunaWebappSystemInfoController,openrdfRepositoryManager,scopedTarget.openrdfRepositoryInterceptor,openrdfRepositoryInterceptor,openrdfProtocolUrlMapping,openrdfRepositoryListUrlMapping,openrdfRepositoryUrlMapping,openrdfServerHomeUrlMapping,openrdfHandlerExceptionResolver,openrdfProtocolController,openrdfRepositoryListController,openrdfRepositoryController,openrdfRepositoryContextsController,openrdfRepositoryNamespacesController,openrdfRepositoryNamespaceController,openrdfRepositorySizeController,openrdfRepositoryStatementsController,openrdfRepositoryGraphController]; root of factory hierarchy
[INFO ] 2021-12-27 20:57:20,074 [main] Logback logging API implementation is configured.
[INFO ] 2021-12-27 20:57:20,355 [main] FrameworkServlet 'openrdf-http-server': initialization completed in 670 ms
[INFO ] 2021-12-27 21:04:03,287 [Thread-1] Closing org.springframework.web.context.support.XmlWebApplicationContext@6b7961a1: display name [WebApplicationContext for namespace 'openrdf-http-server-servlet']; startup date [Mon Dec 27 20:57:19 GET 2021]; root of context hierarchy
[INFO ] 2021-12-27 21:04:03,293 [Thread-1] Destroying singletons in org.springframework.beans.factory.support.DefaultListableBeanFactory@21a9a01d: defining beans [messageSource,adunaAppVersion,adunaAppConfig,adunaWebappNavigation,adunaWebappCommonValuesInserter,adunaWebappMessageInserter,adunaWebappNavigationInserter,filenameViewController,viewResolver,adunaWebappSystemUrlMapping,adunaWebappSystemOverviewController,adunaWebappLoggingOverviewController,adunaWebappSystemInfoController,openrdfRepositoryManager,scopedTarget.openrdfRepositoryInterceptor,openrdfRepositoryInterceptor,openrdfProtocolUrlMapping,openrdfRepositoryListUrlMapping,openrdfRepositoryUrlMapping,openrdfServerHomeUrlMapping,openrdfHandlerExceptionResolver,openrdfProtocolController,openrdfRepositoryListController,openrdfRepositoryController,openrdfRepositoryContextsController,openrdfRepositoryNamespacesController,openrdfRepositoryNamespaceController,openrdfRepositorySizeController,openrdfRepositoryStatementsController,openrdfRepositoryGraphController]; root of factory hierarchy
[INFO ] 2021-12-27 21:04:12,842 [main] Logback logging API implementation is configured.
[INFO ] 2021-12-27 21:04:13,063 [main] FrameworkServlet 'openrdf-http-server': initialization completed in 462 ms
[INFO ] 2021-12-27 21:06:44,029 [Thread-1] Closing org.springframework.web.context.support.XmlWebApplicationContext@6b7961a1: display name [WebApplicationContext for namespace 'openrdf-http-server-servlet']; startup date [Mon Dec 27 21:04:12 GET 2021]; root of context hierarchy
[INFO ] 2021-12-27 21:06:44,035 [Thread-1] Destroying singletons in org.springframework.beans.factory.support.DefaultListableBeanFactory@21a9a01d: defining beans [messageSource,adunaAppVersion,adunaAppConfig,adunaWebappNavigation,adunaWebappCommonValuesInserter,adunaWebappMessageInserter,adunaWebappNavigationInserter,filenameViewController,viewResolver,adunaWebappSystemUrlMapping,adunaWebappSystemOverviewController,adunaWebappLoggingOverviewController,adunaWebappSystemInfoController,openrdfRepositoryManager,scopedTarget.openrdfRepositoryInterceptor,openrdfRepositoryInterceptor,openrdfProtocolUrlMapping,openrdfRepositoryListUrlMapping,openrdfRepositoryUrlMapping,openrdfServerHomeUrlMapping,openrdfHandlerExceptionResolver,openrdfProtocolController,openrdfRepositoryListController,openrdfRepositoryController,openrdfRepositoryContextsController,openrdfRepositoryNamespacesController,openrdfRepositoryNamespaceController,openrdfRepositorySizeController,openrdfRepositoryStatementsController,openrdfRepositoryGraphController]; root of factory hierarchy
[INFO ] 2021-12-27 21:06:57,770 [main] Logback logging API implementation is configured.
[INFO ] 2021-12-27 21:06:58,001 [main] FrameworkServlet 'openrdf-http-server': initialization completed in 588 ms
[INFO ] 2021-12-27 21:14:11,962 [Thread-1] Closing org.springframework.web.context.support.XmlWebApplicationContext@6b7961a1: display name [WebApplicationContext for namespace 'openrdf-http-server-servlet']; startup date [Mon Dec 27 21:06:57 GET 2021]; root of context hierarchy
[INFO ] 2021-12-27 21:14:11,969 [Thread-1] Destroying singletons in org.springframework.beans.factory.support.DefaultListableBeanFactory@21a9a01d: defining beans [messageSource,adunaAppVersion,adunaAppConfig,adunaWebappNavigation,adunaWebappCommonValuesInserter,adunaWebappMessageInserter,adunaWebappNavigationInserter,filenameViewController,viewResolver,adunaWebappSystemUrlMapping,adunaWebappSystemOverviewController,adunaWebappLoggingOverviewController,adunaWebappSystemInfoController,openrdfRepositoryManager,scopedTarget.openrdfRepositoryInterceptor,openrdfRepositoryInterceptor,openrdfProtocolUrlMapping,openrdfRepositoryListUrlMapping,openrdfRepositoryUrlMapping,openrdfServerHomeUrlMapping,openrdfHandlerExceptionResolver,openrdfProtocolController,openrdfRepositoryListController,openrdfRepositoryController,openrdfRepositoryContextsController,openrdfRepositoryNamespacesController,openrdfRepositoryNamespaceController,openrdfRepositorySizeController,openrdfRepositoryStatementsController,openrdfRepositoryGraphController]; root of factory hierarchy
[INFO ] 2021-12-27 21:14:24,451 [main] Logback logging API implementation is configured.
[INFO ] 2021-12-27 21:14:24,686 [main] FrameworkServlet 'openrdf-http-server': initialization completed in 504 ms
[INFO ] 2021-12-27 21:17:16,093 [repositories/kiln] Client sent bad request (404): Unknown repository: kiln
[INFO ] 2021-12-27 21:19:21,030 [Thread-1] Closing org.springframework.web.context.support.XmlWebApplicationContext@6b7961a1: display name [WebApplicationContext for namespace 'openrdf-http-server-servlet']; startup date [Mon Dec 27 21:14:24 GET 2021]; root of context hierarchy
[INFO ] 2021-12-27 21:19:21,038 [Thread-1] Destroying singletons in org.springframework.beans.factory.support.DefaultListableBeanFactory@21a9a01d: defining beans [messageSource,adunaAppVersion,adunaAppConfig,adunaWebappNavigation,adunaWebappCommonValuesInserter,adunaWebappMessageInserter,adunaWebappNavigationInserter,filenameViewController,viewResolver,adunaWebappSystemUrlMapping,adunaWebappSystemOverviewController,adunaWebappLoggingOverviewController,adunaWebappSystemInfoController,openrdfRepositoryManager,scopedTarget.openrdfRepositoryInterceptor,openrdfRepositoryInterceptor,openrdfProtocolUrlMapping,openrdfRepositoryListUrlMapping,openrdfRepositoryUrlMapping,openrdfServerHomeUrlMapping,openrdfHandlerExceptionResolver,openrdfProtocolController,openrdfRepositoryListController,openrdfRepositoryController,openrdfRepositoryContextsController,openrdfRepositoryNamespacesController,openrdfRepositoryNamespaceController,openrdfRepositorySizeController,openrdfRepositoryStatementsController,openrdfRepositoryGraphController]; root of factory hierarchy
[INFO ] 2021-12-27 21:19:41,656 [main] Logback logging API implementation is configured.
[INFO ] 2021-12-27 21:19:42,014 [main] FrameworkServlet 'openrdf-http-server': initialization completed in 758 ms
[INFO ] 2021-12-27 21:25:36,610 [repositories/kiln] Client sent bad request (404): Unknown repository: kiln
[INFO ] 2021-12-27 21:30:35,093 [Thread-1] Closing org.springframework.web.context.support.XmlWebApplicationContext@6b7961a1: display name [WebApplicationContext for namespace 'openrdf-http-server-servlet']; startup date [Mon Dec 27 21:19:41 GET 2021]; root of context hierarchy
[INFO ] 2021-12-27 21:30:35,098 [Thread-1] Destroying singletons in org.springframework.beans.factory.support.DefaultListableBeanFactory@21a9a01d: defining beans [messageSource,adunaAppVersion,adunaAppConfig,adunaWebappNavigation,adunaWebappCommonValuesInserter,adunaWebappMessageInserter,adunaWebappNavigationInserter,filenameViewController,viewResolver,adunaWebappSystemUrlMapping,adunaWebappSystemOverviewController,adunaWebappLoggingOverviewController,adunaWebappSystemInfoController,openrdfRepositoryManager,scopedTarget.openrdfRepositoryInterceptor,openrdfRepositoryInterceptor,openrdfProtocolUrlMapping,openrdfRepositoryListUrlMapping,openrdfRepositoryUrlMapping,openrdfServerHomeUrlMapping,openrdfHandlerExceptionResolver,openrdfProtocolController,openrdfRepositoryListController,openrdfRepositoryController,openrdfRepositoryContextsController,openrdfRepositoryNamespacesController,openrdfRepositoryNamespaceController,openrdfRepositorySizeController,openrdfRepositoryStatementsController,openrdfRepositoryGraphController]; root of factory hierarchy
[INFO ] 2021-12-27 21:30:46,995 [main] Logback logging API implementation is configured.
[INFO ] 2021-12-27 21:30:47,298 [main] FrameworkServlet 'openrdf-http-server': initialization completed in 647 ms
[INFO ] 2021-12-27 21:44:11,239 [repositories/kiln] Client sent bad request (404): Unknown repository: kiln
[INFO ] 2021-12-27 21:44:52,059 [repositories/kiln] Client sent bad request (404): Unknown repository: kiln
[INFO ] 2021-12-27 21:48:35,215 [repositories/kiln] Client sent bad request (404): Unknown repository: kiln
[INFO ] 2021-12-27 21:48:56,485 [repositories/kiln] Client sent bad request (404): Unknown repository: kiln
[INFO ] 2021-12-27 22:14:53,663 [Thread-1] Closing org.springframework.web.context.support.XmlWebApplicationContext@6b7961a1: display name [WebApplicationContext for namespace 'openrdf-http-server-servlet']; startup date [Mon Dec 27 21:30:46 GET 2021]; root of context hierarchy
[INFO ] 2021-12-27 22:14:53,671 [Thread-1] Destroying singletons in org.springframework.beans.factory.support.DefaultListableBeanFactory@21a9a01d: defining beans [messageSource,adunaAppVersion,adunaAppConfig,adunaWebappNavigation,adunaWebappCommonValuesInserter,adunaWebappMessageInserter,adunaWebappNavigationInserter,filenameViewController,viewResolver,adunaWebappSystemUrlMapping,adunaWebappSystemOverviewController,adunaWebappLoggingOverviewController,adunaWebappSystemInfoController,openrdfRepositoryManager,scopedTarget.openrdfRepositoryInterceptor,openrdfRepositoryInterceptor,openrdfProtocolUrlMapping,openrdfRepositoryListUrlMapping,openrdfRepositoryUrlMapping,openrdfServerHomeUrlMapping,openrdfHandlerExceptionResolver,openrdfProtocolController,openrdfRepositoryListController,openrdfRepositoryController,openrdfRepositoryContextsController,openrdfRepositoryNamespacesController,openrdfRepositoryNamespaceController,openrdfRepositorySizeController,openrdfRepositoryStatementsController,openrdfRepositoryGraphController]; root of factory hierarchy
[INFO ] 2021-12-27 22:15:03,706 [main] Logback logging API implementation is configured.
[INFO ] 2021-12-27 22:15:03,993 [main] FrameworkServlet 'openrdf-http-server': initialization completed in 590 ms
[INFO ] 2021-12-27 22:15:48,393 [Thread-1] Closing org.springframework.web.context.support.XmlWebApplicationContext@6b7961a1: display name [WebApplicationContext for namespace 'openrdf-http-server-servlet']; startup date [Mon Dec 27 22:15:03 GET 2021]; root of context hierarchy
[INFO ] 2021-12-27 22:15:48,394 [Thread-1] Destroying singletons in org.springframework.beans.factory.support.DefaultListableBeanFactory@21a9a01d: defining beans [messageSource,adunaAppVersion,adunaAppConfig,adunaWebappNavigation,adunaWebappCommonValuesInserter,adunaWebappMessageInserter,adunaWebappNavigationInserter,filenameViewController,viewResolver,adunaWebappSystemUrlMapping,adunaWebappSystemOverviewController,adunaWebappLoggingOverviewController,adunaWebappSystemInfoController,openrdfRepositoryManager,scopedTarget.openrdfRepositoryInterceptor,openrdfRepositoryInterceptor,openrdfProtocolUrlMapping,openrdfRepositoryListUrlMapping,openrdfRepositoryUrlMapping,openrdfServerHomeUrlMapping,openrdfHandlerExceptionResolver,openrdfProtocolController,openrdfRepositoryListController,openrdfRepositoryController,openrdfRepositoryContextsController,openrdfRepositoryNamespacesController,openrdfRepositoryNamespaceController,openrdfRepositorySizeController,openrdfRepositoryStatementsController,openrdfRepositoryGraphController]; root of factory hierarchy
[INFO ] 2021-12-27 22:16:00,682 [main] Logback logging API implementation is configured.
[INFO ] 2021-12-27 22:16:01,073 [main] FrameworkServlet 'openrdf-http-server': initialization completed in 741 ms
[INFO ] 2021-12-27 22:19:37,459 [repositories/kiln] Client sent bad request (404): Unknown repository: kiln
[INFO ] 2021-12-27 22:19:49,124 [repositories/kiln] Client sent bad request (404): Unknown repository: kiln
[INFO ] 2021-12-27 22:19:54,055 [repositories/kiln] Client sent bad request (404): Unknown repository: kiln
[INFO ] 2021-12-27 22:20:02,322 [repositories/kiln] Client sent bad request (404): Unknown repository: kiln
[INFO ] 2021-12-27 22:20:18,771 [repositories/kiln] Client sent bad request (404): Unknown repository: kiln
[INFO ] 2021-12-27 22:20:25,245 [repositories/kiln] Client sent bad request (404): Unknown repository: kiln
[INFO ] 2021-12-27 22:20:43,522 [repositories/kiln] Client sent bad request (404): Unknown repository: kiln
[INFO ] 2021-12-27 22:21:09,975 [repositories/kiln] Client sent bad request (404): Unknown repository: kiln
[INFO ] 2021-12-27 22:21:14,649 [repositories/kiln] Client sent bad request (404): Unknown repository: kiln
[INFO ] 2021-12-27 22:23:04,933 [repositories/kiln] Client sent bad request (404): Unknown repository: kiln
[INFO ] 2021-12-27 22:23:08,288 [repositories/kiln] Client sent bad request (404): Unknown repository: kiln
[INFO ] 2021-12-27 22:23:12,619 [repositories/kiln] Client sent bad request (404): Unknown repository: kiln
[INFO ] 2021-12-27 22:23:32,193 [repositories/kiln] Client sent bad request (404): Unknown repository: kiln
[INFO ] 2021-12-27 22:24:01,345 [repositories/kiln] Client sent bad request (404): Unknown repository: kiln
[INFO ] 2021-12-27 22:25:14,918 [repositories/kiln] Client sent bad request (404): Unknown repository: kiln
[INFO ] 2021-12-27 22:25:17,958 [repositories/kiln] Client sent bad request (404): Unknown repository: kiln
[INFO ] 2021-12-27 22:25:22,276 [repositories/kiln] Client sent bad request (404): Unknown repository: kiln
[INFO ] 2021-12-27 22:25:31,146 [repositories/kiln] Client sent bad request (404): Unknown repository: kiln
[INFO ] 2021-12-27 22:25:35,741 [repositories/kiln] Client sent bad request (404): Unknown repository: kiln
[INFO ] 2021-12-27 22:25:50,724 [repositories/kiln] Client sent bad request (404): Unknown repository: kiln
[INFO ] 2021-12-27 22:25:58,105 [repositories/kiln] Client sent bad request (404): Unknown repository: kiln
[INFO ] 2021-12-27 22:26:01,339 [repositories/kiln] Client sent bad request (404): Unknown repository: kiln
[INFO ] 2021-12-27 22:26:05,671 [repositories/kiln] Client sent bad request (404): Unknown repository: kiln
[INFO ] 2021-12-27 22:26:45,243 [repositories/kiln] Client sent bad request (404): Unknown repository: kiln
[INFO ] 2021-12-27 22:26:48,061 [repositories/kiln] Client sent bad request (404): Unknown repository: kiln
[INFO ] 2021-12-27 22:27:02,327 [repositories/kiln] Client sent bad request (404): Unknown repository: kiln
[INFO ] 2021-12-27 22:27:10,860 [repositories/kiln] Client sent bad request (404): Unknown repository: kiln
[INFO ] 2021-12-27 22:27:36,967 [repositories/kiln] Client sent bad request (404): Unknown repository: kiln
[INFO ] 2021-12-27 22:27:40,876 [repositories/kiln] Client sent bad request (404): Unknown repository: kiln
[INFO ] 2021-12-27 22:38:15,195 [repositories/kiln] Client sent bad request (404): Unknown repository: kiln
[INFO ] 2021-12-27 22:38:18,751 [repositories/kiln] Client sent bad request (404): Unknown repository: kiln
[INFO ] 2021-12-27 22:38:25,261 [repositories/kiln] Client sent bad request (404): Unknown repository: kiln
[INFO ] 2021-12-27 22:38:27,598 [repositories/kiln] Client sent bad request (404): Unknown repository: kiln
[INFO ] 2021-12-27 22:39:36,672 [repositories/kiln] Client sent bad request (404): Unknown repository: kiln
[INFO ] 2021-12-27 22:51:09,620 [repositories/kiln] Client sent bad request (404): Unknown repository: kiln
[INFO ] 2021-12-27 22:51:36,795 [repositories/kiln] Client sent bad request (404): Unknown repository: kiln
[INFO ] 2021-12-27 22:51:39,413 [repositories/kiln] Client sent bad request (404): Unknown repository: kiln
[INFO ] 2021-12-27 22:55:04,165 [repositories/kiln] Client sent bad request (404): Unknown repository: kiln
[INFO ] 2021-12-27 23:02:32,621 [repositories/kiln] Client sent bad request (404): Unknown repository: kiln
