[INFO ] 2022-02-13 00:00:23,912 [repositories/kiln] POST query -1227659729
[INFO ] 2022-02-13 00:00:23,929 [repositories/kiln] Request for query -1227659729 is finished
[INFO ] 2022-02-13 15:43:51,711 [repositories/kiln] POST query -1227659729
[INFO ] 2022-02-13 15:43:51,731 [repositories/kiln] Request for query -1227659729 is finished
[INFO ] 2022-02-13 15:50:52,038 [Thread-1] Closing org.springframework.web.context.support.XmlWebApplicationContext@17ef0c6d: display name [WebApplicationContext for namespace 'openrdf-http-server-servlet']; startup date [Sat Feb 12 23:26:01 GET 2022]; root of context hierarchy
[INFO ] 2022-02-13 15:50:52,044 [Thread-1] Destroying singletons in org.springframework.beans.factory.support.DefaultListableBeanFactory@6e605c34: defining beans [messageSource,adunaAppVersion,adunaAppConfig,adunaWebappNavigation,adunaWebappCommonValuesInserter,adunaWebappMessageInserter,adunaWebappNavigationInserter,filenameViewController,viewResolver,adunaWebappSystemUrlMapping,adunaWebappSystemOverviewController,adunaWebappLoggingOverviewController,adunaWebappSystemInfoController,openrdfRepositoryManager,scopedTarget.openrdfRepositoryInterceptor,openrdfRepositoryInterceptor,openrdfProtocolUrlMapping,openrdfRepositoryListUrlMapping,openrdfRepositoryUrlMapping,openrdfServerHomeUrlMapping,openrdfHandlerExceptionResolver,openrdfProtocolController,openrdfRepositoryListController,openrdfRepositoryController,openrdfRepositoryContextsController,openrdfRepositoryNamespacesController,openrdfRepositoryNamespaceController,openrdfRepositorySizeController,openrdfRepositoryStatementsController,openrdfRepositoryGraphController]; root of factory hierarchy
[INFO ] 2022-02-13 15:51:05,946 [main] Logback logging API implementation is configured.
[INFO ] 2022-02-13 15:51:06,317 [main] FrameworkServlet 'openrdf-http-server': initialization completed in 707 ms
[INFO ] 2022-02-13 15:52:04,687 [repositories/kiln] POST query -1227659729
[INFO ] 2022-02-13 15:52:04,847 [repositories/kiln] Request for query -1227659729 is finished
[INFO ] 2022-02-13 15:52:57,257 [Thread-1] Closing org.springframework.web.context.support.XmlWebApplicationContext@17ef0c6d: display name [WebApplicationContext for namespace 'openrdf-http-server-servlet']; startup date [Sun Feb 13 15:51:05 GET 2022]; root of context hierarchy
[INFO ] 2022-02-13 15:52:57,260 [Thread-1] Destroying singletons in org.springframework.beans.factory.support.DefaultListableBeanFactory@6e605c34: defining beans [messageSource,adunaAppVersion,adunaAppConfig,adunaWebappNavigation,adunaWebappCommonValuesInserter,adunaWebappMessageInserter,adunaWebappNavigationInserter,filenameViewController,viewResolver,adunaWebappSystemUrlMapping,adunaWebappSystemOverviewController,adunaWebappLoggingOverviewController,adunaWebappSystemInfoController,openrdfRepositoryManager,scopedTarget.openrdfRepositoryInterceptor,openrdfRepositoryInterceptor,openrdfProtocolUrlMapping,openrdfRepositoryListUrlMapping,openrdfRepositoryUrlMapping,openrdfServerHomeUrlMapping,openrdfHandlerExceptionResolver,openrdfProtocolController,openrdfRepositoryListController,openrdfRepositoryController,openrdfRepositoryContextsController,openrdfRepositoryNamespacesController,openrdfRepositoryNamespaceController,openrdfRepositorySizeController,openrdfRepositoryStatementsController,openrdfRepositoryGraphController]; root of factory hierarchy
[INFO ] 2022-02-13 15:53:09,833 [main] Logback logging API implementation is configured.
[INFO ] 2022-02-13 15:53:10,296 [main] FrameworkServlet 'openrdf-http-server': initialization completed in 745 ms
[INFO ] 2022-02-13 15:56:59,152 [Thread-1] Closing org.springframework.web.context.support.XmlWebApplicationContext@17ef0c6d: display name [WebApplicationContext for namespace 'openrdf-http-server-servlet']; startup date [Sun Feb 13 15:53:09 GET 2022]; root of context hierarchy
[INFO ] 2022-02-13 15:56:59,157 [Thread-1] Destroying singletons in org.springframework.beans.factory.support.DefaultListableBeanFactory@6e605c34: defining beans [messageSource,adunaAppVersion,adunaAppConfig,adunaWebappNavigation,adunaWebappCommonValuesInserter,adunaWebappMessageInserter,adunaWebappNavigationInserter,filenameViewController,viewResolver,adunaWebappSystemUrlMapping,adunaWebappSystemOverviewController,adunaWebappLoggingOverviewController,adunaWebappSystemInfoController,openrdfRepositoryManager,scopedTarget.openrdfRepositoryInterceptor,openrdfRepositoryInterceptor,openrdfProtocolUrlMapping,openrdfRepositoryListUrlMapping,openrdfRepositoryUrlMapping,openrdfServerHomeUrlMapping,openrdfHandlerExceptionResolver,openrdfProtocolController,openrdfRepositoryListController,openrdfRepositoryController,openrdfRepositoryContextsController,openrdfRepositoryNamespacesController,openrdfRepositoryNamespaceController,openrdfRepositorySizeController,openrdfRepositoryStatementsController,openrdfRepositoryGraphController]; root of factory hierarchy
[INFO ] 2022-02-13 15:58:12,855 [main] Logback logging API implementation is configured.
[INFO ] 2022-02-13 15:58:13,260 [main] FrameworkServlet 'openrdf-http-server': initialization completed in 737 ms
[INFO ] 2022-02-13 16:26:16,844 [repositories/kiln] POST query -1227659729
[INFO ] 2022-02-13 16:26:16,992 [repositories/kiln] Request for query -1227659729 is finished
[INFO ] 2022-02-13 16:48:37,910 [repositories/kiln] POST query -1227659729
[INFO ] 2022-02-13 16:48:37,934 [repositories/kiln] Request for query -1227659729 is finished
[INFO ] 2022-02-13 16:49:10,491 [repositories/kiln] POST query -1227659729
[INFO ] 2022-02-13 16:49:10,516 [repositories/kiln] Request for query -1227659729 is finished
[INFO ] 2022-02-13 16:49:36,809 [repositories/kiln] POST query -1227659729
[INFO ] 2022-02-13 16:49:36,831 [repositories/kiln] Request for query -1227659729 is finished
