[INFO ] 2022-03-22 21:43:21,702 [Thread-1] Closing org.springframework.web.context.support.XmlWebApplicationContext@17ef0c6d: display name [WebApplicationContext for namespace 'openrdf-http-server-servlet']; startup date [Mon Mar 21 17:09:27 GET 2022]; root of context hierarchy
[INFO ] 2022-03-22 21:43:21,730 [Thread-1] Destroying singletons in org.springframework.beans.factory.support.DefaultListableBeanFactory@6e605c34: defining beans [messageSource,adunaAppVersion,adunaAppConfig,adunaWebappNavigation,adunaWebappCommonValuesInserter,adunaWebappMessageInserter,adunaWebappNavigationInserter,filenameViewController,viewResolver,adunaWebappSystemUrlMapping,adunaWebappSystemOverviewController,adunaWebappLoggingOverviewController,adunaWebappSystemInfoController,openrdfRepositoryManager,scopedTarget.openrdfRepositoryInterceptor,openrdfRepositoryInterceptor,openrdfProtocolUrlMapping,openrdfRepositoryListUrlMapping,openrdfRepositoryUrlMapping,openrdfServerHomeUrlMapping,openrdfHandlerExceptionResolver,openrdfProtocolController,openrdfRepositoryListController,openrdfRepositoryController,openrdfRepositoryContextsController,openrdfRepositoryNamespacesController,openrdfRepositoryNamespaceController,openrdfRepositorySizeController,openrdfRepositoryStatementsController,openrdfRepositoryGraphController]; root of factory hierarchy
[INFO ] 2022-03-22 21:50:34,646 [main] Logback logging API implementation is configured.
[INFO ] 2022-03-22 21:50:35,043 [main] FrameworkServlet 'openrdf-http-server': initialization completed in 972 ms
[INFO ] 2022-03-22 21:52:20,633 [repositories/kiln] POST query -1227659729
[INFO ] 2022-03-22 21:52:20,776 [repositories/kiln] Request for query -1227659729 is finished
[INFO ] 2022-03-22 21:53:46,868 [repositories/kiln] POST query -1227659729
[INFO ] 2022-03-22 21:53:46,901 [repositories/kiln] Request for query -1227659729 is finished
[INFO ] 2022-03-22 21:54:02,177 [repositories/kiln] POST query -1227659729
[INFO ] 2022-03-22 21:54:02,195 [repositories/kiln] Request for query -1227659729 is finished
[INFO ] 2022-03-22 22:00:52,768 [repositories/kiln] POST query -1227659729
[INFO ] 2022-03-22 22:00:52,798 [repositories/kiln] Request for query -1227659729 is finished
[INFO ] 2022-03-22 22:03:09,487 [repositories/kiln] POST query -1227659729
[INFO ] 2022-03-22 22:03:09,503 [repositories/kiln] Request for query -1227659729 is finished
[INFO ] 2022-03-22 22:03:26,405 [repositories/kiln] POST query -1227659729
[INFO ] 2022-03-22 22:03:26,422 [repositories/kiln] Request for query -1227659729 is finished
[INFO ] 2022-03-22 22:07:59,779 [repositories/kiln] POST query -1227659729
[INFO ] 2022-03-22 22:07:59,800 [repositories/kiln] Request for query -1227659729 is finished
[INFO ] 2022-03-22 22:08:30,218 [repositories/kiln] POST query -1227659729
[INFO ] 2022-03-22 22:08:30,233 [repositories/kiln] Request for query -1227659729 is finished
[INFO ] 2022-03-22 22:08:45,017 [repositories/kiln] POST query -1227659729
[INFO ] 2022-03-22 22:08:45,034 [repositories/kiln] Request for query -1227659729 is finished
[INFO ] 2022-03-22 22:27:06,161 [repositories/kiln] POST query -1227659729
[INFO ] 2022-03-22 22:27:06,193 [repositories/kiln] Request for query -1227659729 is finished
[INFO ] 2022-03-22 22:27:28,595 [repositories/kiln] POST query -1227659729
[INFO ] 2022-03-22 22:27:28,607 [repositories/kiln] Request for query -1227659729 is finished
[INFO ] 2022-03-22 22:29:58,034 [Thread-1] Closing org.springframework.web.context.support.XmlWebApplicationContext@17ef0c6d: display name [WebApplicationContext for namespace 'openrdf-http-server-servlet']; startup date [Tue Mar 22 21:50:34 GET 2022]; root of context hierarchy
[INFO ] 2022-03-22 22:29:58,041 [Thread-1] Destroying singletons in org.springframework.beans.factory.support.DefaultListableBeanFactory@6e605c34: defining beans [messageSource,adunaAppVersion,adunaAppConfig,adunaWebappNavigation,adunaWebappCommonValuesInserter,adunaWebappMessageInserter,adunaWebappNavigationInserter,filenameViewController,viewResolver,adunaWebappSystemUrlMapping,adunaWebappSystemOverviewController,adunaWebappLoggingOverviewController,adunaWebappSystemInfoController,openrdfRepositoryManager,scopedTarget.openrdfRepositoryInterceptor,openrdfRepositoryInterceptor,openrdfProtocolUrlMapping,openrdfRepositoryListUrlMapping,openrdfRepositoryUrlMapping,openrdfServerHomeUrlMapping,openrdfHandlerExceptionResolver,openrdfProtocolController,openrdfRepositoryListController,openrdfRepositoryController,openrdfRepositoryContextsController,openrdfRepositoryNamespacesController,openrdfRepositoryNamespaceController,openrdfRepositorySizeController,openrdfRepositoryStatementsController,openrdfRepositoryGraphController]; root of factory hierarchy
