[INFO ] 2022-02-22 12:03:43,226 [Thread-1] Closing org.springframework.web.context.support.XmlWebApplicationContext@17ef0c6d: display name [WebApplicationContext for namespace 'openrdf-http-server-servlet']; startup date [Tue Feb 15 23:52:36 GET 2022]; root of context hierarchy
[INFO ] 2022-02-22 12:03:43,237 [Thread-1] Destroying singletons in org.springframework.beans.factory.support.DefaultListableBeanFactory@6e605c34: defining beans [messageSource,adunaAppVersion,adunaAppConfig,adunaWebappNavigation,adunaWebappCommonValuesInserter,adunaWebappMessageInserter,adunaWebappNavigationInserter,filenameViewController,viewResolver,adunaWebappSystemUrlMapping,adunaWebappSystemOverviewController,adunaWebappLoggingOverviewController,adunaWebappSystemInfoController,openrdfRepositoryManager,scopedTarget.openrdfRepositoryInterceptor,openrdfRepositoryInterceptor,openrdfProtocolUrlMapping,openrdfRepositoryListUrlMapping,openrdfRepositoryUrlMapping,openrdfServerHomeUrlMapping,openrdfHandlerExceptionResolver,openrdfProtocolController,openrdfRepositoryListController,openrdfRepositoryController,openrdfRepositoryContextsController,openrdfRepositoryNamespacesController,openrdfRepositoryNamespaceController,openrdfRepositorySizeController,openrdfRepositoryStatementsController,openrdfRepositoryGraphController]; root of factory hierarchy
[INFO ] 2022-02-22 12:03:59,214 [main] Logback logging API implementation is configured.
[INFO ] 2022-02-22 12:03:59,658 [main] FrameworkServlet 'openrdf-http-server': initialization completed in 1165 ms
[INFO ] 2022-02-22 12:10:53,544 [Thread-1] Closing org.springframework.web.context.support.XmlWebApplicationContext@17ef0c6d: display name [WebApplicationContext for namespace 'openrdf-http-server-servlet']; startup date [Tue Feb 22 12:03:58 GET 2022]; root of context hierarchy
[INFO ] 2022-02-22 12:10:53,554 [Thread-1] Destroying singletons in org.springframework.beans.factory.support.DefaultListableBeanFactory@6e605c34: defining beans [messageSource,adunaAppVersion,adunaAppConfig,adunaWebappNavigation,adunaWebappCommonValuesInserter,adunaWebappMessageInserter,adunaWebappNavigationInserter,filenameViewController,viewResolver,adunaWebappSystemUrlMapping,adunaWebappSystemOverviewController,adunaWebappLoggingOverviewController,adunaWebappSystemInfoController,openrdfRepositoryManager,scopedTarget.openrdfRepositoryInterceptor,openrdfRepositoryInterceptor,openrdfProtocolUrlMapping,openrdfRepositoryListUrlMapping,openrdfRepositoryUrlMapping,openrdfServerHomeUrlMapping,openrdfHandlerExceptionResolver,openrdfProtocolController,openrdfRepositoryListController,openrdfRepositoryController,openrdfRepositoryContextsController,openrdfRepositoryNamespacesController,openrdfRepositoryNamespaceController,openrdfRepositorySizeController,openrdfRepositoryStatementsController,openrdfRepositoryGraphController]; root of factory hierarchy
[INFO ] 2022-02-22 12:42:37,227 [main] Logback logging API implementation is configured.
[INFO ] 2022-02-22 12:42:37,501 [main] FrameworkServlet 'openrdf-http-server': initialization completed in 554 ms
[INFO ] 2022-02-22 12:54:17,781 [Thread-1] Closing org.springframework.web.context.support.XmlWebApplicationContext@17ef0c6d: display name [WebApplicationContext for namespace 'openrdf-http-server-servlet']; startup date [Tue Feb 22 12:42:36 GET 2022]; root of context hierarchy
[INFO ] 2022-02-22 12:54:17,786 [Thread-1] Destroying singletons in org.springframework.beans.factory.support.DefaultListableBeanFactory@6e605c34: defining beans [messageSource,adunaAppVersion,adunaAppConfig,adunaWebappNavigation,adunaWebappCommonValuesInserter,adunaWebappMessageInserter,adunaWebappNavigationInserter,filenameViewController,viewResolver,adunaWebappSystemUrlMapping,adunaWebappSystemOverviewController,adunaWebappLoggingOverviewController,adunaWebappSystemInfoController,openrdfRepositoryManager,scopedTarget.openrdfRepositoryInterceptor,openrdfRepositoryInterceptor,openrdfProtocolUrlMapping,openrdfRepositoryListUrlMapping,openrdfRepositoryUrlMapping,openrdfServerHomeUrlMapping,openrdfHandlerExceptionResolver,openrdfProtocolController,openrdfRepositoryListController,openrdfRepositoryController,openrdfRepositoryContextsController,openrdfRepositoryNamespacesController,openrdfRepositoryNamespaceController,openrdfRepositorySizeController,openrdfRepositoryStatementsController,openrdfRepositoryGraphController]; root of factory hierarchy
[INFO ] 2022-02-22 13:06:36,050 [main] Logback logging API implementation is configured.
[INFO ] 2022-02-22 13:06:36,359 [main] FrameworkServlet 'openrdf-http-server': initialization completed in 883 ms
[INFO ] 2022-02-22 13:08:42,851 [Thread-1] Closing org.springframework.web.context.support.XmlWebApplicationContext@17ef0c6d: display name [WebApplicationContext for namespace 'openrdf-http-server-servlet']; startup date [Tue Feb 22 13:06:35 GET 2022]; root of context hierarchy
[INFO ] 2022-02-22 13:08:42,854 [Thread-1] Destroying singletons in org.springframework.beans.factory.support.DefaultListableBeanFactory@6e605c34: defining beans [messageSource,adunaAppVersion,adunaAppConfig,adunaWebappNavigation,adunaWebappCommonValuesInserter,adunaWebappMessageInserter,adunaWebappNavigationInserter,filenameViewController,viewResolver,adunaWebappSystemUrlMapping,adunaWebappSystemOverviewController,adunaWebappLoggingOverviewController,adunaWebappSystemInfoController,openrdfRepositoryManager,scopedTarget.openrdfRepositoryInterceptor,openrdfRepositoryInterceptor,openrdfProtocolUrlMapping,openrdfRepositoryListUrlMapping,openrdfRepositoryUrlMapping,openrdfServerHomeUrlMapping,openrdfHandlerExceptionResolver,openrdfProtocolController,openrdfRepositoryListController,openrdfRepositoryController,openrdfRepositoryContextsController,openrdfRepositoryNamespacesController,openrdfRepositoryNamespaceController,openrdfRepositorySizeController,openrdfRepositoryStatementsController,openrdfRepositoryGraphController]; root of factory hierarchy
[INFO ] 2022-02-22 13:17:01,114 [main] Logback logging API implementation is configured.
[INFO ] 2022-02-22 13:17:01,418 [main] FrameworkServlet 'openrdf-http-server': initialization completed in 603 ms
[INFO ] 2022-02-22 13:18:19,921 [Thread-1] Closing org.springframework.web.context.support.XmlWebApplicationContext@17ef0c6d: display name [WebApplicationContext for namespace 'openrdf-http-server-servlet']; startup date [Tue Feb 22 13:17:00 GET 2022]; root of context hierarchy
[INFO ] 2022-02-22 13:18:19,930 [Thread-1] Destroying singletons in org.springframework.beans.factory.support.DefaultListableBeanFactory@6e605c34: defining beans [messageSource,adunaAppVersion,adunaAppConfig,adunaWebappNavigation,adunaWebappCommonValuesInserter,adunaWebappMessageInserter,adunaWebappNavigationInserter,filenameViewController,viewResolver,adunaWebappSystemUrlMapping,adunaWebappSystemOverviewController,adunaWebappLoggingOverviewController,adunaWebappSystemInfoController,openrdfRepositoryManager,scopedTarget.openrdfRepositoryInterceptor,openrdfRepositoryInterceptor,openrdfProtocolUrlMapping,openrdfRepositoryListUrlMapping,openrdfRepositoryUrlMapping,openrdfServerHomeUrlMapping,openrdfHandlerExceptionResolver,openrdfProtocolController,openrdfRepositoryListController,openrdfRepositoryController,openrdfRepositoryContextsController,openrdfRepositoryNamespacesController,openrdfRepositoryNamespaceController,openrdfRepositorySizeController,openrdfRepositoryStatementsController,openrdfRepositoryGraphController]; root of factory hierarchy
[INFO ] 2022-02-22 13:34:51,336 [main] Logback logging API implementation is configured.
[INFO ] 2022-02-22 13:34:51,643 [main] FrameworkServlet 'openrdf-http-server': initialization completed in 570 ms
[INFO ] 2022-02-22 14:17:11,102 [repositories/kiln] POST query -1227659729
[INFO ] 2022-02-22 14:17:12,518 [repositories/kiln] Request for query -1227659729 is finished
[INFO ] 2022-02-22 14:18:41,347 [repositories/kiln] POST query -1227659729
[INFO ] 2022-02-22 14:18:41,389 [repositories/kiln] Request for query -1227659729 is finished
[INFO ] 2022-02-22 14:19:17,879 [repositories/kiln] POST query -1227659729
[INFO ] 2022-02-22 14:19:17,964 [repositories/kiln] Request for query -1227659729 is finished
[INFO ] 2022-02-22 14:21:38,564 [repositories/kiln] POST query -1227659729
[INFO ] 2022-02-22 14:21:38,608 [repositories/kiln] Request for query -1227659729 is finished
[INFO ] 2022-02-22 14:21:41,679 [repositories/kiln] POST query -1227659729
[INFO ] 2022-02-22 14:21:41,746 [repositories/kiln] Request for query -1227659729 is finished
[INFO ] 2022-02-22 14:27:13,196 [repositories/kiln] POST query -1227659729
[INFO ] 2022-02-22 14:27:13,260 [repositories/kiln] Request for query -1227659729 is finished
[INFO ] 2022-02-22 14:27:15,493 [repositories/kiln] POST query -1227659729
[INFO ] 2022-02-22 14:27:15,525 [repositories/kiln] Request for query -1227659729 is finished
[INFO ] 2022-02-22 14:27:22,443 [repositories/kiln] POST query -1227659729
[INFO ] 2022-02-22 14:27:22,499 [repositories/kiln] Request for query -1227659729 is finished
