[INFO ] 2022-02-15 00:01:23,689 [repositories/kiln] POST query -1227659729
[INFO ] 2022-02-15 00:01:23,787 [repositories/kiln] Request for query -1227659729 is finished
[INFO ] 2022-02-15 00:01:25,649 [repositories/kiln] POST query -1227659729
[INFO ] 2022-02-15 00:01:25,658 [repositories/kiln] Request for query -1227659729 is finished
[INFO ] 2022-02-15 00:01:31,302 [repositories/kiln] POST query -1227659729
[INFO ] 2022-02-15 00:01:31,310 [repositories/kiln] Request for query -1227659729 is finished
[INFO ] 2022-02-15 00:01:33,445 [repositories/kiln] POST query -1227659729
[INFO ] 2022-02-15 00:01:33,451 [repositories/kiln] Request for query -1227659729 is finished
[INFO ] 2022-02-15 00:04:00,857 [repositories/kiln] POST query -1227659729
[INFO ] 2022-02-15 00:04:00,868 [repositories/kiln] Request for query -1227659729 is finished
[INFO ] 2022-02-15 00:04:02,568 [repositories/kiln] POST query -1227659729
[INFO ] 2022-02-15 00:04:02,583 [repositories/kiln] Request for query -1227659729 is finished
[INFO ] 2022-02-15 00:04:22,767 [repositories/kiln] POST query -1227659729
[INFO ] 2022-02-15 00:04:22,778 [repositories/kiln] Request for query -1227659729 is finished
[INFO ] 2022-02-15 00:04:28,575 [repositories/kiln] POST query -1227659729
[INFO ] 2022-02-15 00:04:28,582 [repositories/kiln] Request for query -1227659729 is finished
[INFO ] 2022-02-15 00:04:31,491 [repositories/kiln] POST query -1227659729
[INFO ] 2022-02-15 00:04:31,498 [repositories/kiln] Request for query -1227659729 is finished
[INFO ] 2022-02-15 00:04:34,723 [repositories/kiln] POST query -1227659729
[INFO ] 2022-02-15 00:04:34,739 [repositories/kiln] Request for query -1227659729 is finished
[INFO ] 2022-02-15 00:04:40,555 [repositories/kiln] POST query -1227659729
[INFO ] 2022-02-15 00:04:40,562 [repositories/kiln] Request for query -1227659729 is finished
[INFO ] 2022-02-15 00:04:48,148 [repositories/kiln] POST query -1227659729
[INFO ] 2022-02-15 00:04:48,157 [repositories/kiln] Request for query -1227659729 is finished
[INFO ] 2022-02-15 00:04:52,882 [repositories/kiln] POST query -1227659729
[INFO ] 2022-02-15 00:04:52,891 [repositories/kiln] Request for query -1227659729 is finished
[INFO ] 2022-02-15 00:04:57,479 [repositories/kiln] POST query -1227659729
[INFO ] 2022-02-15 00:04:57,487 [repositories/kiln] Request for query -1227659729 is finished
[INFO ] 2022-02-15 00:04:59,989 [repositories/kiln] POST query -1227659729
[INFO ] 2022-02-15 00:04:59,996 [repositories/kiln] Request for query -1227659729 is finished
[INFO ] 2022-02-15 00:05:14,872 [repositories/kiln] POST query -1227659729
[INFO ] 2022-02-15 00:05:14,879 [repositories/kiln] Request for query -1227659729 is finished
[INFO ] 2022-02-15 00:05:26,191 [repositories/kiln] POST query -1227659729
[INFO ] 2022-02-15 00:05:26,200 [repositories/kiln] Request for query -1227659729 is finished
[INFO ] 2022-02-15 00:05:32,176 [repositories/kiln] POST query -1227659729
[INFO ] 2022-02-15 00:05:32,182 [repositories/kiln] Request for query -1227659729 is finished
[INFO ] 2022-02-15 00:05:37,668 [repositories/kiln] POST query -1227659729
[INFO ] 2022-02-15 00:05:37,676 [repositories/kiln] Request for query -1227659729 is finished
[INFO ] 2022-02-15 00:05:41,395 [repositories/kiln] POST query -1227659729
[INFO ] 2022-02-15 00:05:41,402 [repositories/kiln] Request for query -1227659729 is finished
[INFO ] 2022-02-15 00:05:45,316 [repositories/kiln] POST query -1227659729
[INFO ] 2022-02-15 00:05:45,328 [repositories/kiln] Request for query -1227659729 is finished
[INFO ] 2022-02-15 00:05:51,415 [repositories/kiln] POST query -1227659729
[INFO ] 2022-02-15 00:05:51,426 [repositories/kiln] Request for query -1227659729 is finished
[INFO ] 2022-02-15 00:05:57,938 [repositories/kiln] POST query -1227659729
[INFO ] 2022-02-15 00:05:57,945 [repositories/kiln] Request for query -1227659729 is finished
[INFO ] 2022-02-15 00:05:59,794 [repositories/kiln] POST query -1227659729
[INFO ] 2022-02-15 00:05:59,803 [repositories/kiln] Request for query -1227659729 is finished
[INFO ] 2022-02-15 00:06:03,921 [repositories/kiln] POST query -1227659729
[INFO ] 2022-02-15 00:06:03,929 [repositories/kiln] Request for query -1227659729 is finished
[INFO ] 2022-02-15 00:06:05,967 [repositories/kiln] POST query -1227659729
[INFO ] 2022-02-15 00:06:05,973 [repositories/kiln] Request for query -1227659729 is finished
[INFO ] 2022-02-15 00:06:28,375 [repositories/kiln] POST query -1227659729
[INFO ] 2022-02-15 00:06:28,384 [repositories/kiln] Request for query -1227659729 is finished
[INFO ] 2022-02-15 00:07:23,014 [repositories/kiln] POST query -1227659729
[INFO ] 2022-02-15 00:07:23,025 [repositories/kiln] Request for query -1227659729 is finished
[INFO ] 2022-02-15 00:07:54,197 [repositories/kiln] POST query -1227659729
[INFO ] 2022-02-15 00:07:54,210 [repositories/kiln] Request for query -1227659729 is finished
[INFO ] 2022-02-15 00:07:55,884 [repositories/kiln] POST query -1227659729
[INFO ] 2022-02-15 00:07:55,898 [repositories/kiln] Request for query -1227659729 is finished
[INFO ] 2022-02-15 00:16:47,096 [repositories/kiln] POST query -1227659729
[INFO ] 2022-02-15 00:16:47,109 [repositories/kiln] Request for query -1227659729 is finished
[INFO ] 2022-02-15 00:16:48,922 [repositories/kiln] POST query -1227659729
[INFO ] 2022-02-15 00:16:48,934 [repositories/kiln] Request for query -1227659729 is finished
[INFO ] 2022-02-15 00:17:13,348 [repositories/kiln] POST query -1227659729
[INFO ] 2022-02-15 00:17:13,355 [repositories/kiln] Request for query -1227659729 is finished
[INFO ] 2022-02-15 00:17:34,331 [repositories/kiln] POST query -1227659729
[INFO ] 2022-02-15 00:17:34,338 [repositories/kiln] Request for query -1227659729 is finished
[INFO ] 2022-02-15 00:17:36,111 [repositories/kiln] POST query -1227659729
[INFO ] 2022-02-15 00:17:36,118 [repositories/kiln] Request for query -1227659729 is finished
[INFO ] 2022-02-15 00:19:30,871 [repositories/kiln] POST query -1227659729
[INFO ] 2022-02-15 00:19:30,884 [repositories/kiln] Request for query -1227659729 is finished
[INFO ] 2022-02-15 00:19:32,877 [repositories/kiln] POST query -1227659729
[INFO ] 2022-02-15 00:19:32,885 [repositories/kiln] Request for query -1227659729 is finished
[INFO ] 2022-02-15 00:19:59,016 [repositories/kiln] POST query -1227659729
[INFO ] 2022-02-15 00:19:59,033 [repositories/kiln] Request for query -1227659729 is finished
[INFO ] 2022-02-15 00:20:06,337 [Thread-1] Closing org.springframework.web.context.support.XmlWebApplicationContext@17ef0c6d: display name [WebApplicationContext for namespace 'openrdf-http-server-servlet']; startup date [Mon Feb 14 23:39:54 GET 2022]; root of context hierarchy
[INFO ] 2022-02-15 00:20:06,340 [Thread-1] Destroying singletons in org.springframework.beans.factory.support.DefaultListableBeanFactory@6e605c34: defining beans [messageSource,adunaAppVersion,adunaAppConfig,adunaWebappNavigation,adunaWebappCommonValuesInserter,adunaWebappMessageInserter,adunaWebappNavigationInserter,filenameViewController,viewResolver,adunaWebappSystemUrlMapping,adunaWebappSystemOverviewController,adunaWebappLoggingOverviewController,adunaWebappSystemInfoController,openrdfRepositoryManager,scopedTarget.openrdfRepositoryInterceptor,openrdfRepositoryInterceptor,openrdfProtocolUrlMapping,openrdfRepositoryListUrlMapping,openrdfRepositoryUrlMapping,openrdfServerHomeUrlMapping,openrdfHandlerExceptionResolver,openrdfProtocolController,openrdfRepositoryListController,openrdfRepositoryController,openrdfRepositoryContextsController,openrdfRepositoryNamespacesController,openrdfRepositoryNamespaceController,openrdfRepositorySizeController,openrdfRepositoryStatementsController,openrdfRepositoryGraphController]; root of factory hierarchy
[INFO ] 2022-02-15 00:20:19,353 [main] Logback logging API implementation is configured.
[INFO ] 2022-02-15 00:20:19,655 [main] FrameworkServlet 'openrdf-http-server': initialization completed in 668 ms
